==30092== Memcheck, a memory error detector
==30092== Copyright (C) 2002-2013, and GNU GPL'd, by Julian Seward et al.
==30092== Using Valgrind-3.10.1 and LibVEX; rerun with -h for copyright info
==30092== Command: ./sample
==30092== 
==30092== Invalid write of size 4
==30092==    at 0x8048438: f (in /vagrant/cwork/git/2016-3Q-SP/group-work/sample)
==30092==    by 0x804844A: main (in /vagrant/cwork/git/2016-3Q-SP/group-work/sample)
==30092==  Address 0x41f1050 is 0 bytes after a block of size 40 alloc'd
==30092==    at 0x402A17C: malloc (in /usr/lib/valgrind/vgpreload_memcheck-x86-linux.so)
==30092==    by 0x804842E: f (in /vagrant/cwork/git/2016-3Q-SP/group-work/sample)
==30092==    by 0x804844A: main (in /vagrant/cwork/git/2016-3Q-SP/group-work/sample)
==30092== 
==30092== 
==30092== HEAP SUMMARY:
==30092==     in use at exit: 40 bytes in 1 blocks
==30092==   total heap usage: 1 allocs, 0 frees, 40 bytes allocated
==30092== 
==30092== 40 bytes in 1 blocks are definitely lost in loss record 1 of 1
==30092==    at 0x402A17C: malloc (in /usr/lib/valgrind/vgpreload_memcheck-x86-linux.so)
==30092==    by 0x804842E: f (in /vagrant/cwork/git/2016-3Q-SP/group-work/sample)
==30092==    by 0x804844A: main (in /vagrant/cwork/git/2016-3Q-SP/group-work/sample)
==30092== 
==30092== LEAK SUMMARY:
==30092==    definitely lost: 40 bytes in 1 blocks
==30092==    indirectly lost: 0 bytes in 0 blocks
==30092==      possibly lost: 0 bytes in 0 blocks
==30092==    still reachable: 0 bytes in 0 blocks
==30092==         suppressed: 0 bytes in 0 blocks
==30092== 
==30092== For counts of detected and suppressed errors, rerun with: -v
==30092== ERROR SUMMARY: 2 errors from 2 contexts (suppressed: 0 from 0)
