==31951== Memcheck, a memory error detector
==31951== Copyright (C) 2002-2013, and GNU GPL'd, by Julian Seward et al.
==31951== Using Valgrind-3.10.1 and LibVEX; rerun with -h for copyright info
==31951== Command: ./case01
==31951== 
--31951-- Valgrind options:
--31951--    --leak-check=full
--31951--    --track-origins=yes
--31951--    -v
--31951-- Contents of /proc/version:
--31951--   Linux version 3.13.0-87-generic (buildd@lgw01-33) (gcc version 4.8.4 (Ubuntu 4.8.4-2ubuntu1~14.04.3) ) #133-Ubuntu SMP Tue May 24 18:33:01 UTC 2016
--31951-- Arch and hwcaps: X86, LittleEndian, x86-mmxext-sse1-sse2
--31951-- Page sizes: currently 4096, max supported 4096
--31951-- Valgrind library directory: /usr/lib/valgrind
--31951-- Reading syms from /lib/i386-linux-gnu/ld-2.19.so
--31951--   Considering /lib/i386-linux-gnu/ld-2.19.so ..
--31951--   .. CRC mismatch (computed 1b1c4cf5 wanted 02b590da)
--31951--   Considering /usr/lib/debug/lib/i386-linux-gnu/ld-2.19.so ..
--31951--   .. CRC is valid
--31951-- Reading syms from /vagrant/cwork/git/2016-3Q-SP/group-work/case01/case01
--31951-- Reading syms from /usr/lib/valgrind/memcheck-x86-linux
--31951--   Considering /usr/lib/valgrind/memcheck-x86-linux ..
--31951--   .. CRC mismatch (computed a1851f40 wanted a7f53555)
--31951--    object doesn't have a symbol table
--31951--    object doesn't have a dynamic symbol table
--31951-- Scheduler: using generic scheduler lock implementation.
--31951-- Reading suppressions file: /usr/lib/valgrind/default.supp
==31951== embedded gdbserver: reading from /tmp/vgdb-pipe-from-vgdb-to-31951-by-vagrant-on-???
==31951== embedded gdbserver: writing to   /tmp/vgdb-pipe-to-vgdb-from-31951-by-vagrant-on-???
==31951== embedded gdbserver: shared mem   /tmp/vgdb-pipe-shared-mem-vgdb-31951-by-vagrant-on-???
==31951== 
==31951== TO CONTROL THIS PROCESS USING vgdb (which you probably
==31951== don't want to do, unless you know exactly what you're doing,
==31951== or are doing some strange experiment):
==31951==   /usr/lib/valgrind/../../bin/vgdb --pid=31951 ...command...
==31951== 
==31951== TO DEBUG THIS PROCESS USING GDB: start GDB like this
==31951==   /path/to/gdb ./case01
==31951== and then give GDB the following command
==31951==   target remote | /usr/lib/valgrind/../../bin/vgdb --pid=31951
==31951== --pid is optional if only one valgrind process is running
==31951== 
--31951-- REDIR: 0x4017e90 (ld-linux.so.2:strlen) redirected to 0x380755e2 (???)
--31951-- REDIR: 0x4017ca0 (ld-linux.so.2:index) redirected to 0x380755bd (???)
--31951-- Reading syms from /usr/lib/valgrind/vgpreload_core-x86-linux.so
--31951--   Considering /usr/lib/valgrind/vgpreload_core-x86-linux.so ..
--31951--   .. CRC mismatch (computed d3e3f8e8 wanted ff94bb6b)
--31951--    object doesn't have a symbol table
--31951-- Reading syms from /usr/lib/valgrind/vgpreload_memcheck-x86-linux.so
--31951--   Considering /usr/lib/valgrind/vgpreload_memcheck-x86-linux.so ..
--31951--   .. CRC mismatch (computed 3a29cef8 wanted 4be4f0fe)
--31951--    object doesn't have a symbol table
==31951== WARNING: new redirection conflicts with existing -- ignoring it
--31951--     old: 0x04017e90 (strlen              ) R-> (0000.0) 0x380755e2 ???
--31951--     new: 0x04017e90 (strlen              ) R-> (2007.0) 0x0402d480 strlen
--31951-- Reading syms from /lib/i386-linux-gnu/libc-2.19.so
--31951--   Considering /lib/i386-linux-gnu/libc-2.19.so ..
--31951--   .. CRC mismatch (computed 1039bceb wanted 920e1817)
--31951--   Considering /usr/lib/debug/lib/i386-linux-gnu/libc-2.19.so ..
--31951--   .. CRC is valid
--31951-- REDIR: 0x40baf40 (libc.so.6:strnlen) redirected to 0x4024580 (_vgnU_ifunc_wrapper)
--31951-- REDIR: 0x40bcef0 (libc.so.6:strncasecmp) redirected to 0x4024580 (_vgnU_ifunc_wrapper)
--31951-- REDIR: 0x40c2870 (libc.so.6:memrchr) redirected to 0x4024580 (_vgnU_ifunc_wrapper)
--31951-- REDIR: 0x40d58b0 (libc.so.6:wcslen) redirected to 0x4024580 (_vgnU_ifunc_wrapper)
--31951-- REDIR: 0x40bb0f0 (libc.so.6:__GI_strrchr) redirected to 0x402ce50 (__GI_strrchr)
--31951-- REDIR: 0x40b6830 (libc.so.6:malloc) redirected to 0x402a110 (malloc)
--31951-- REDIR: 0x40b6de0 (libc.so.6:free) redirected to 0x402b370 (free)
==31951== Conditional jump or move depends on uninitialised value(s)
==31951==    at 0x8048492: main (case01.c:12)
==31951==  Uninitialised value was created by a stack allocation
==31951==    at 0x8048453: main (case01.c:6)
==31951== 
==31951== Invalid write of size 4
==31951==    at 0x804849B: main (case01.c:13)
==31951==  Address 0x41f102c is 0 bytes after a block of size 4 alloc'd
==31951==    at 0x402A17C: malloc (in /usr/lib/valgrind/vgpreload_memcheck-x86-linux.so)
==31951==    by 0x8048469: main (case01.c:9)
==31951== 
==31951== Invalid read of size 4
==31951==    at 0x80484B4: main (case01.c:16)
==31951==  Address 0x41f1030 is 4 bytes after a block of size 4 alloc'd
==31951==    at 0x402A17C: malloc (in /usr/lib/valgrind/vgpreload_memcheck-x86-linux.so)
==31951==    by 0x8048469: main (case01.c:9)
==31951== 
==31951== Invalid read of size 4
==31951==    at 0x80484C1: main (case01.c:17)
==31951==  Address 0x41f1064 is 4 bytes inside a block of size 8 free'd
==31951==    at 0x402B3D8: free (in /usr/lib/valgrind/vgpreload_memcheck-x86-linux.so)
==31951==    by 0x8048489: main (case01.c:10)
==31951== 
==31951== Invalid write of size 4
==31951==    at 0x80484D4: main (case01.c:18)
==31951==  Address 0x41f1060 is 0 bytes inside a block of size 8 free'd
==31951==    at 0x402B3D8: free (in /usr/lib/valgrind/vgpreload_memcheck-x86-linux.so)
==31951==    by 0x8048489: main (case01.c:10)
==31951== 
==31951== Syscall param exit_group(status) contains uninitialised byte(s)
==31951==    at 0x40F5F34: _Exit (_exit.S:33)
==31951==  Uninitialised value was created by a stack allocation
==31951==    at 0x8048453: main (case01.c:6)
==31951== 
==31951== 
==31951== HEAP SUMMARY:
==31951==     in use at exit: 4 bytes in 1 blocks
==31951==   total heap usage: 2 allocs, 1 frees, 12 bytes allocated
==31951== 
==31951== Searching for pointers to 1 not-freed blocks
==31951== Checked 54,780 bytes
==31951== 
==31951== 4 bytes in 1 blocks are definitely lost in loss record 1 of 1
==31951==    at 0x402A17C: malloc (in /usr/lib/valgrind/vgpreload_memcheck-x86-linux.so)
==31951==    by 0x8048469: main (case01.c:9)
==31951== 
==31951== LEAK SUMMARY:
==31951==    definitely lost: 4 bytes in 1 blocks
==31951==    indirectly lost: 0 bytes in 0 blocks
==31951==      possibly lost: 0 bytes in 0 blocks
==31951==    still reachable: 0 bytes in 0 blocks
==31951==         suppressed: 0 bytes in 0 blocks
==31951== 
==31951== ERROR SUMMARY: 7 errors from 7 contexts (suppressed: 0 from 0)
==31951== 
==31951== 1 errors in context 1 of 7:
==31951== Syscall param exit_group(status) contains uninitialised byte(s)
==31951==    at 0x40F5F34: _Exit (_exit.S:33)
==31951==  Uninitialised value was created by a stack allocation
==31951==    at 0x8048453: main (case01.c:6)
==31951== 
==31951== 
==31951== 1 errors in context 2 of 7:
==31951== Invalid write of size 4
==31951==    at 0x80484D4: main (case01.c:18)
==31951==  Address 0x41f1060 is 0 bytes inside a block of size 8 free'd
==31951==    at 0x402B3D8: free (in /usr/lib/valgrind/vgpreload_memcheck-x86-linux.so)
==31951==    by 0x8048489: main (case01.c:10)
==31951== 
==31951== 
==31951== 1 errors in context 3 of 7:
==31951== Invalid read of size 4
==31951==    at 0x80484C1: main (case01.c:17)
==31951==  Address 0x41f1064 is 4 bytes inside a block of size 8 free'd
==31951==    at 0x402B3D8: free (in /usr/lib/valgrind/vgpreload_memcheck-x86-linux.so)
==31951==    by 0x8048489: main (case01.c:10)
==31951== 
==31951== 
==31951== 1 errors in context 4 of 7:
==31951== Invalid read of size 4
==31951==    at 0x80484B4: main (case01.c:16)
==31951==  Address 0x41f1030 is 4 bytes after a block of size 4 alloc'd
==31951==    at 0x402A17C: malloc (in /usr/lib/valgrind/vgpreload_memcheck-x86-linux.so)
==31951==    by 0x8048469: main (case01.c:9)
==31951== 
==31951== 
==31951== 1 errors in context 5 of 7:
==31951== Invalid write of size 4
==31951==    at 0x804849B: main (case01.c:13)
==31951==  Address 0x41f102c is 0 bytes after a block of size 4 alloc'd
==31951==    at 0x402A17C: malloc (in /usr/lib/valgrind/vgpreload_memcheck-x86-linux.so)
==31951==    by 0x8048469: main (case01.c:9)
==31951== 
==31951== 
==31951== 1 errors in context 6 of 7:
==31951== Conditional jump or move depends on uninitialised value(s)
==31951==    at 0x8048492: main (case01.c:12)
==31951==  Uninitialised value was created by a stack allocation
==31951==    at 0x8048453: main (case01.c:6)
==31951== 
==31951== ERROR SUMMARY: 7 errors from 7 contexts (suppressed: 0 from 0)
