==8984== Memcheck, a memory error detector
==8984== Copyright (C) 2002-2013, and GNU GPL'd, by Julian Seward et al.
==8984== Using Valgrind-3.10.1 and LibVEX; rerun with -h for copyright info
==8984== Command: ./case03
==8984== 
==8984== 
==8984== HEAP SUMMARY:
==8984==     in use at exit: 1,068 bytes in 5 blocks
==8984==   total heap usage: 6 allocs, 1 frees, 1,420 bytes allocated
==8984== 
==8984== 100 bytes in 1 blocks are definitely lost in loss record 1 of 4
==8984==    at 0x402A17C: malloc (in /usr/lib/valgrind/vgpreload_memcheck-x86-linux.so)
==8984==    by 0x8048531: main (case03.c:25)
==8984== 
==8984== 200 bytes in 2 blocks are definitely lost in loss record 2 of 4
==8984==    at 0x402A17C: malloc (in /usr/lib/valgrind/vgpreload_memcheck-x86-linux.so)
==8984==    by 0x8048500: main (case03.c:18)
==8984== 
==8984== 256 bytes in 1 blocks are definitely lost in loss record 3 of 4
==8984==    at 0x402C109: calloc (in /usr/lib/valgrind/vgpreload_memcheck-x86-linux.so)
==8984==    by 0x8048520: main (case03.c:20)
==8984== 
==8984== LEAK SUMMARY:
==8984==    definitely lost: 556 bytes in 4 blocks
==8984==    indirectly lost: 0 bytes in 0 blocks
==8984==      possibly lost: 0 bytes in 0 blocks
==8984==    still reachable: 512 bytes in 1 blocks
==8984==         suppressed: 0 bytes in 0 blocks
==8984== Reachable blocks (those to which a pointer was found) are not shown.
==8984== To see them, rerun with: --leak-check=full --show-leak-kinds=all
==8984== 
==8984== For counts of detected and suppressed errors, rerun with: -v
==8984== ERROR SUMMARY: 3 errors from 3 contexts (suppressed: 0 from 0)
